# JRE version: OpenJDK Runtime Environment Temurin-21.0.11+10 (21.0.11+10) (build 21.0.11+10-LTS)
# Java VM: OpenJDK 64-Bit Server VM Temurin-21.0.11+10 (21.0.11+10-LTS, mixed mode, sharing, tiered, compressed oops, compressed class ptrs, parallel gc, windows-amd64)
GC Precious Log:
 CardTable entry size: 512
 CPUs: 4 total, 4 available
 Memory: 7930M
 Large Page Support: Disabled
 NUMA Support: Disabled
 Compressed Oops: Enabled (32-bit)
 Alignments: Space 512K, Generation 512K, Heap 2M
 Heap Min Capacity: 100M
 Heap Initial Capacity: 100M
 Heap Max Capacity: 2G
 Pre-touch: Disabled
 Parallel Workers: 4
Heap:
 PSYoungGen      total 22528K, used 13472K [0x00000000d5580000, 0x00000000d7000000, 0x0000000100000000)
  eden space 22016K, 58% used [0x00000000d5580000,0x00000000d62282b8,0x00000000d6b00000)
  from space 512K, 100% used [0x00000000d6f00000,0x00000000d6f80000,0x00000000d6f80000)
  to   space 512K, 0% used [0x00000000d6f80000,0x00000000d6f80000,0x00000000d7000000)
 ParOldGen       total 68608K, used 41691K [0x0000000080000000, 0x0000000084300000, 0x00000000d5580000)
  object space 68608K, 60% used [0x0000000080000000,0x00000000828b6fa0,0x0000000084300000)
 Metaspace       used 63144K, committed 64512K, reserved 1114112K
  class space    used 7567K, committed 8192K, reserved 1048576K
GC Heap History (20 events):
Event: 202.710 GC heap before
{Heap before GC invocations=25 (full 2):
 PSYoungGen      total 27136K, used 26973K [0x00000000d5580000, 0x00000000d7600000, 0x0000000100000000)
  eden space 22016K, 100% used [0x00000000d5580000,0x00000000d6b00000,0x00000000d6b00000)
  from space 5120K, 96% used [0x00000000d7100000,0x00000000d75d77d8,0x00000000d7600000)
  to   space 5120K, 0% used [0x00000000d6c00000,0x00000000d6c00000,0x00000000d7100000)
 ParOldGen       total 68608K, used 31474K [0x0000000080000000, 0x0000000084300000, 0x00000000d5580000)
  object space 68608K, 45% used [0x0000000080000000,0x0000000081ebcbc0,0x0000000084300000)
 Metaspace       used 55741K, committed 56896K, reserved 1114112K
  class space    used 6382K, committed 6912K, reserved 1048576K
}
Event: 202.718 GC heap after
{Heap after GC invocations=25 (full 2):
 PSYoungGen      total 23040K, used 608K [0x00000000d5580000, 0x00000000d7180000, 0x0000000100000000)
  eden space 22016K, 0% used [0x00000000d5580000,0x00000000d5580000,0x00000000d6b00000)
  from space 1024K, 59% used [0x00000000d6c00000,0x00000000d6c98000,0x00000000d6d00000)
  to   space 2560K, 0% used [0x00000000d6f00000,0x00000000d6f00000,0x00000000d7180000)
 ParOldGen       total 68608K, used 36335K [0x0000000080000000, 0x0000000084300000, 0x00000000d5580000)
  object space 68608K, 52% used [0x0000000080000000,0x000000008237bf60,0x0000000084300000)
 Metaspace       used 55741K, committed 56896K, reserved 1114112K
  class space    used 6382K, committed 6912K, reserved 1048576K
}
Event: 213.142 GC heap before
{Heap before GC invocations=26 (full 2):
 PSYoungGen      total 23040K, used 22624K [0x00000000d5580000, 0x00000000d7180000, 0x0000000100000000)
  eden space 22016K, 100% used [0x00000000d5580000,0x00000000d6b00000,0x00000000d6b00000)
  from space 1024K, 59% used [0x00000000d6c00000,0x00000000d6c98000,0x00000000d6d00000)
  to   space 2560K, 0% used [0x00000000d6f00000,0x00000000d6f00000,0x00000000d7180000)
 ParOldGen       total 68608K, used 36335K [0x0000000080000000, 0x0000000084300000, 0x00000000d5580000)
  object space 68608K, 52% used [0x0000000080000000,0x000000008237bf60,0x0000000084300000)
 Metaspace       used 55761K, committed 56896K, reserved 1114112K
  class space    used 6382K, committed 6912K, reserved 1048576K
}
Event: 213.146 GC heap after
{Heap after GC invocations=26 (full 2):
 PSYoungGen      total 23040K, used 672K [0x00000000d5580000, 0x00000000d7000000, 0x0000000100000000)
  eden space 22016K, 0% used [0x00000000d5580000,0x00000000d5580000,0x00000000d6b00000)
  from space 1024K, 65% used [0x00000000d6f00000,0x00000000d6fa8000,0x00000000d7000000)
  to   space 1024K, 0% used [0x00000000d6c00000,0x00000000d6c00000,0x00000000d6d00000)
 ParOldGen       total 68608K, used 36952K [0x0000000080000000, 0x0000000084300000, 0x00000000d5580000)
  object space 68608K, 53% used [0x0000000080000000,0x0000000082416300,0x0000000084300000)
 Metaspace       used 55761K, committed 56896K, reserved 1114112K
  class space    used 6382K, committed 6912K, reserved 1048576K
}
Event: 238.807 GC heap before
{Heap before GC invocations=27 (full 2):
 PSYoungGen      total 23040K, used 22688K [0x00000000d5580000, 0x00000000d7000000, 0x0000000100000000)
  eden space 22016K, 100% used [0x00000000d5580000,0x00000000d6b00000,0x00000000d6b00000)
  from space 1024K, 65% used [0x00000000d6f00000,0x00000000d6fa8000,0x00000000d7000000)
  to   space 1024K, 0% used [0x00000000d6c00000,0x00000000d6c00000,0x00000000d6d00000)
 ParOldGen       total 68608K, used 36952K [0x0000000080000000, 0x0000000084300000, 0x00000000d5580000)
  object space 68608K, 53% used [0x0000000080000000,0x0000000082416300,0x0000000084300000)
 Metaspace       used 55774K, committed 56896K, reserved 1114112K
  class space    used 6383K, committed 6912K, reserved 1048576K
}
Event: 238.810 GC heap after
{Heap after GC invocations=27 (full 2):
 PSYoungGen      total 23040K, used 1018K [0x00000000d5580000, 0x00000000d7500000, 0x0000000100000000)
  eden space 22016K, 0% used [0x00000000d5580000,0x00000000d5580000,0x00000000d6b00000)
  from space 1024K, 99% used [0x00000000d6c00000,0x00000000d6cfea90,0x00000000d6d00000)
  to   space 5120K, 0% used [0x00000000d7000000,0x00000000d7000000,0x00000000d7500000)
 ParOldGen       total 68608K, used 40357K [0x0000000080000000, 0x0000000084300000, 0x00000000d5580000)
  object space 68608K, 58% used [0x0000000080000000,0x00000000827695f8,0x0000000084300000)
 Metaspace       used 55774K, committed 56896K, reserved 1114112K
  class space    used 6383K, committed 6912K, reserved 1048576K
}
Event: 243.449 GC heap before
{Heap before GC invocations=28 (full 2):
 PSYoungGen      total 23040K, used 23034K [0x00000000d5580000, 0x00000000d7500000, 0x0000000100000000)
  eden space 22016K, 100% used [0x00000000d5580000,0x00000000d6b00000,0x00000000d6b00000)
  from space 1024K, 99% used [0x00000000d6c00000,0x00000000d6cfea90,0x00000000d6d00000)
  to   space 5120K, 0% used [0x00000000d7000000,0x00000000d7000000,0x00000000d7500000)
 ParOldGen       total 68608K, used 40357K [0x0000000080000000, 0x0000000084300000, 0x00000000d5580000)
  object space 68608K, 58% used [0x0000000080000000,0x00000000827695f8,0x0000000084300000)
 Metaspace       used 57349K, committed 58560K, reserved 1114112K
  class space    used 6684K, committed 7232K, reserved 1048576K
}
Event: 243.458 GC heap after
{Heap after GC invocations=28 (full 2):
 PSYoungGen      total 23040K, used 1008K [0x00000000d5580000, 0x00000000d7100000, 0x0000000100000000)
  eden space 22016K, 0% used [0x00000000d5580000,0x00000000d5580000,0x00000000d6b00000)
  from space 1024K, 98% used [0x00000000d7000000,0x00000000d70fc010,0x00000000d7100000)
  to   space 2560K, 0% used [0x00000000d6c00000,0x00000000d6c00000,0x00000000d6e80000)
 ParOldGen       total 68608K, used 41374K [0x0000000080000000, 0x0000000084300000, 0x00000000d5580000)
  object space 68608K, 60% used [0x0000000080000000,0x00000000828678b0,0x0000000084300000)
 Metaspace       used 57349K, committed 58560K, reserved 1114112K
  class space    used 6684K, committed 7232K, reserved 1048576K
}
Event: 249.391 GC heap before
{Heap before GC invocations=29 (full 2):
 PSYoungGen      total 23040K, used 11572K [0x00000000d5580000, 0x00000000d7100000, 0x0000000100000000)
  eden space 22016K, 47% used [0x00000000d5580000,0x00000000d5fd1018,0x00000000d6b00000)
  from space 1024K, 98% used [0x00000000d7000000,0x00000000d70fc010,0x00000000d7100000)
  to   space 2560K, 0% used [0x00000000d6c00000,0x00000000d6c00000,0x00000000d6e80000)
 ParOldGen       total 68608K, used 41374K [0x0000000080000000, 0x0000000084300000, 0x00000000d5580000)
  object space 68608K, 60% used [0x0000000080000000,0x00000000828678b0,0x0000000084300000)
 Metaspace       used 58591K, committed 59776K, reserved 1114112K
  class space    used 6873K, committed 7424K, reserved 1048576K
}
Event: 249.396 GC heap after
{Heap after GC invocations=29 (full 2):
 PSYoungGen      total 24576K, used 340K [0x00000000d5580000, 0x00000000d7080000, 0x0000000100000000)
  eden space 22016K, 0% used [0x00000000d5580000,0x00000000d5580000,0x00000000d6b00000)
  from space 2560K, 13% used [0x00000000d6c00000,0x00000000d6c55250,0x00000000d6e80000)
  to   space 1024K, 0% used [0x00000000d6f80000,0x00000000d6f80000,0x00000000d7080000)
 ParOldGen       total 68608K, used 42262K [0x0000000080000000, 0x0000000084300000, 0x00000000d5580000)
  object space 68608K, 61% used [0x0000000080000000,0x00000000829458e0,0x0000000084300000)
 Metaspace       used 58591K, committed 59776K, reserved 1114112K
  class space    used 6873K, committed 7424K, reserved 1048576K
}
Event: 249.396 GC heap before
{Heap before GC invocations=30 (full 3):
 PSYoungGen      total 24576K, used 340K [0x00000000d5580000, 0x00000000d7080000, 0x0000000100000000)
  eden space 22016K, 0% used [0x00000000d5580000,0x00000000d5580000,0x00000000d6b00000)
  from space 2560K, 13% used [0x00000000d6c00000,0x00000000d6c55250,0x00000000d6e80000)
  to   space 1024K, 0% used [0x00000000d6f80000,0x00000000d6f80000,0x00000000d7080000)
 ParOldGen       total 68608K, used 42262K [0x0000000080000000, 0x0000000084300000, 0x00000000d5580000)
  object space 68608K, 61% used [0x0000000080000000,0x00000000829458e0,0x0000000084300000)
 Metaspace       used 58591K, committed 59776K, reserved 1114112K
  class space    used 6873K, committed 7424K, reserved 1048576K
}
Event: 250.178 GC heap after
{Heap after GC invocations=30 (full 3):
 PSYoungGen      total 24576K, used 0K [0x00000000d5580000, 0x00000000d7080000, 0x0000000100000000)
  eden space 22016K, 0% used [0x00000000d5580000,0x00000000d5580000,0x00000000d6b00000)
  from space 2560K, 0% used [0x00000000d6c00000,0x00000000d6c00000,0x00000000d6e80000)
  to   space 1024K, 0% used [0x00000000d6f80000,0x00000000d6f80000,0x00000000d7080000)
 ParOldGen       total 68608K, used 40848K [0x0000000080000000, 0x0000000084300000, 0x00000000d5580000)
  object space 68608K, 59% used [0x0000000080000000,0x00000000827e4330,0x0000000084300000)
 Metaspace       used 58591K, committed 59776K, reserved 1114112K
  class space    used 6873K, committed 7424K, reserved 1048576K
}
Event: 262.293 GC heap before
{Heap before GC invocations=31 (full 3):
 PSYoungGen      total 24576K, used 22016K [0x00000000d5580000, 0x00000000d7080000, 0x0000000100000000)
  eden space 22016K, 100% used [0x00000000d5580000,0x00000000d6b00000,0x00000000d6b00000)
  from space 2560K, 0% used [0x00000000d6c00000,0x00000000d6c00000,0x00000000d6e80000)
  to   space 1024K, 0% used [0x00000000d6f80000,0x00000000d6f80000,0x00000000d7080000)
 ParOldGen       total 68608K, used 40848K [0x0000000080000000, 0x0000000084300000, 0x00000000d5580000)
  object space 68608K, 59% used [0x0000000080000000,0x00000000827e4330,0x0000000084300000)
 Metaspace       used 59691K, committed 60928K, reserved 1114112K
  class space    used 7077K, committed 7616K, reserved 1048576K
}
Event: 262.297 GC heap after
{Heap after GC invocations=31 (full 3):
 PSYoungGen      total 22528K, used 448K [0x00000000d5580000, 0x00000000d7000000, 0x0000000100000000)
  eden space 22016K, 0% used [0x00000000d5580000,0x00000000d5580000,0x00000000d6b00000)
  from space 512K, 87% used [0x00000000d6f80000,0x00000000d6ff0000,0x00000000d7000000)
  to   space 512K, 0% used [0x00000000d6f00000,0x00000000d6f00000,0x00000000d6f80000)
 ParOldGen       total 68608K, used 40856K [0x0000000080000000, 0x0000000084300000, 0x00000000d5580000)
  object space 68608K, 59% used [0x0000000080000000,0x00000000827e6330,0x0000000084300000)
 Metaspace       used 59691K, committed 60928K, reserved 1114112K
  class space    used 7077K, committed 7616K, reserved 1048576K
}
Event: 268.654 GC heap before
{Heap before GC invocations=32 (full 3):
 PSYoungGen      total 22528K, used 22464K [0x00000000d5580000, 0x00000000d7000000, 0x0000000100000000)
  eden space 22016K, 100% used [0x00000000d5580000,0x00000000d6b00000,0x00000000d6b00000)
  from space 512K, 87% used [0x00000000d6f80000,0x00000000d6ff0000,0x00000000d7000000)
  to   space 512K, 0% used [0x00000000d6f00000,0x00000000d6f00000,0x00000000d6f80000)
 ParOldGen       total 68608K, used 40856K [0x0000000080000000, 0x0000000084300000, 0x00000000d5580000)
  object space 68608K, 59% used [0x0000000080000000,0x00000000827e6330,0x0000000084300000)
 Metaspace       used 59703K, committed 60928K, reserved 1114112K
  class space    used 7078K, committed 7616K, reserved 1048576K
}
Event: 268.657 GC heap after
{Heap after GC invocations=32 (full 3):
 PSYoungGen      total 22528K, used 96K [0x00000000d5580000, 0x00000000d7000000, 0x0000000100000000)
  eden space 22016K, 0% used [0x00000000d5580000,0x00000000d5580000,0x00000000d6b00000)
  from space 512K, 18% used [0x00000000d6f00000,0x00000000d6f18000,0x00000000d6f80000)
  to   space 512K, 0% used [0x00000000d6f80000,0x00000000d6f80000,0x00000000d7000000)
 ParOldGen       total 68608K, used 41240K [0x0000000080000000, 0x0000000084300000, 0x00000000d5580000)
  object space 68608K, 60% used [0x0000000080000000,0x0000000082846040,0x0000000084300000)
 Metaspace       used 59703K, committed 60928K, reserved 1114112K
  class space    used 7078K, committed 7616K, reserved 1048576K
}
Event: 270.797 GC heap before
{Heap before GC invocations=33 (full 3):
 PSYoungGen      total 22528K, used 22112K [0x00000000d5580000, 0x00000000d7000000, 0x0000000100000000)
  eden space 22016K, 100% used [0x00000000d5580000,0x00000000d6b00000,0x00000000d6b00000)
  from space 512K, 18% used [0x00000000d6f00000,0x00000000d6f18000,0x00000000d6f80000)
  to   space 512K, 0% used [0x00000000d6f80000,0x00000000d6f80000,0x00000000d7000000)
 ParOldGen       total 68608K, used 41240K [0x0000000080000000, 0x0000000084300000, 0x00000000d5580000)
  object space 68608K, 60% used [0x0000000080000000,0x0000000082846040,0x0000000084300000)
 Metaspace       used 60109K, committed 61376K, reserved 1114112K
  class space    used 7128K, committed 7680K, reserved 1048576K
}
Event: 270.803 GC heap after
{Heap after GC invocations=33 (full 3):
 PSYoungGen      total 22528K, used 408K [0x00000000d5580000, 0x00000000d7000000, 0x0000000100000000)
  eden space 22016K, 0% used [0x00000000d5580000,0x00000000d5580000,0x00000000d6b00000)
  from space 512K, 79% used [0x00000000d6f80000,0x00000000d6fe61a8,0x00000000d7000000)
  to   space 512K, 0% used [0x00000000d6f00000,0x00000000d6f00000,0x00000000d6f80000)
 ParOldGen       total 68608K, used 41272K [0x0000000080000000, 0x0000000084300000, 0x00000000d5580000)
  object space 68608K, 60% used [0x0000000080000000,0x000000008284e040,0x0000000084300000)
 Metaspace       used 60109K, committed 61376K, reserved 1114112K
  class space    used 7128K, committed 7680K, reserved 1048576K
}
Event: 278.616 GC heap before
{Heap before GC invocations=34 (full 3):
 PSYoungGen      total 22528K, used 22424K [0x00000000d5580000, 0x00000000d7000000, 0x0000000100000000)
  eden space 22016K, 100% used [0x00000000d5580000,0x00000000d6b00000,0x00000000d6b00000)
  from space 512K, 79% used [0x00000000d6f80000,0x00000000d6fe61a8,0x00000000d7000000)
  to   space 512K, 0% used [0x00000000d6f00000,0x00000000d6f00000,0x00000000d6f80000)
 ParOldGen       total 68608K, used 41272K [0x0000000080000000, 0x0000000084300000, 0x00000000d5580000)
  object space 68608K, 60% used [0x0000000080000000,0x000000008284e040,0x0000000084300000)
 Metaspace       used 61983K, committed 63424K, reserved 1114112K
  class space    used 7407K, committed 8064K, reserved 1048576K
}
Event: 278.622 GC heap after
{Heap after GC invocations=34 (full 3):
 PSYoungGen      total 22528K, used 512K [0x00000000d5580000, 0x00000000d7000000, 0x0000000100000000)
  eden space 22016K, 0% used [0x00000000d5580000,0x00000000d5580000,0x00000000d6b00000)
  from space 512K, 100% used [0x00000000d6f00000,0x00000000d6f80000,0x00000000d6f80000)
  to   space 512K, 0% used [0x00000000d6f80000,0x00000000d6f80000,0x00000000d7000000)
 ParOldGen       total 68608K, used 41691K [0x0000000080000000, 0x0000000084300000, 0x00000000d5580000)
  object space 68608K, 60% used [0x0000000080000000,0x00000000828b6fa0,0x0000000084300000)
 Metaspace       used 61983K, committed 63424K, reserved 1114112K
  class space    used 7407K, committed 8064K, reserved 1048576K
}

