# JRE version: OpenJDK Runtime Environment Temurin-21.0.11+10 (21.0.11+10) (build 21.0.11+10-LTS)
# Java VM: OpenJDK 64-Bit Server VM Temurin-21.0.11+10 (21.0.11+10-LTS, mixed mode, sharing, tiered, compressed oops, compressed class ptrs, g1 gc, windows-amd64)
GC Precious Log:
 CardTable entry size: 512
 Card Set container configuration: InlinePtr #cards 4 size 8 Array Of Cards #cards 16 size 48 Howl #buckets 8 coarsen threshold 3686 Howl Bitmap #cards 512 size 80 coarsen threshold 460 Card regions per heap region 1 cards per card region 4096
 CPUs: 4 total, 4 available
 Memory: 7930M
 Large Page Support: Disabled
 NUMA Support: Disabled
 Compressed Oops: Enabled (Zero based)
 Heap Region Size: 2M
 Heap Min Capacity: 8M
 Heap Initial Capacity: 124M
 Heap Max Capacity: 3G
 Pre-touch: Disabled
 Parallel Workers: 4
 Concurrent Workers: 1
 Concurrent Refinement Workers: 4
 Periodic GC: Disabled
Heap:
 garbage-first heap   total 137216K, used 87495K [0x0000000740000000, 0x0000000800000000)
  region size 2048K, 7 young (14336K), 3 survivors (6144K)
 Metaspace       used 72403K, committed 74496K, reserved 917504K
  class space    used 10614K, committed 11648K, reserved 851968K
GC Heap History (20 events):
Event: 88.715 GC heap before
{Heap before GC invocations=22 (full 0):
 garbage-first heap   total 106496K, used 97454K [0x0000000740000000, 0x0000000800000000)
  region size 2048K, 18 young (36864K), 1 survivors (2048K)
 Metaspace       used 64647K, committed 66496K, reserved 917504K
  class space    used 9460K, committed 10368K, reserved 851968K
}
Event: 88.722 GC heap after
{Heap after GC invocations=23 (full 0):
 garbage-first heap   total 106496K, used 64424K [0x0000000740000000, 0x0000000800000000)
  region size 2048K, 2 young (4096K), 2 survivors (4096K)
 Metaspace       used 64647K, committed 66496K, reserved 917504K
  class space    used 9460K, committed 10368K, reserved 851968K
}
Event: 89.956 GC heap before
{Heap before GC invocations=23 (full 0):
 garbage-first heap   total 106496K, used 97192K [0x0000000740000000, 0x0000000800000000)
  region size 2048K, 18 young (36864K), 2 survivors (4096K)
 Metaspace       used 65810K, committed 67712K, reserved 917504K
  class space    used 9627K, committed 10560K, reserved 851968K
}
Event: 89.964 GC heap after
{Heap after GC invocations=24 (full 0):
 garbage-first heap   total 106496K, used 68258K [0x0000000740000000, 0x0000000800000000)
  region size 2048K, 3 young (6144K), 3 survivors (6144K)
 Metaspace       used 65810K, committed 67712K, reserved 917504K
  class space    used 9627K, committed 10560K, reserved 851968K
}
Event: 91.468 GC heap before
{Heap before GC invocations=25 (full 0):
 garbage-first heap   total 116736K, used 96930K [0x0000000740000000, 0x0000000800000000)
  region size 2048K, 17 young (34816K), 3 survivors (6144K)
 Metaspace       used 67841K, committed 69888K, reserved 917504K
  class space    used 9925K, committed 10944K, reserved 851968K
}
Event: 91.483 GC heap after
{Heap after GC invocations=26 (full 0):
 garbage-first heap   total 116736K, used 70152K [0x0000000740000000, 0x0000000800000000)
  region size 2048K, 1 young (2048K), 1 survivors (2048K)
 Metaspace       used 67841K, committed 69888K, reserved 917504K
  class space    used 9925K, committed 10944K, reserved 851968K
}
Event: 94.493 GC heap before
{Heap before GC invocations=26 (full 0):
 garbage-first heap   total 116736K, used 102920K [0x0000000740000000, 0x0000000800000000)
  region size 2048K, 18 young (36864K), 1 survivors (2048K)
 Metaspace       used 70880K, committed 72960K, reserved 917504K
  class space    used 10463K, committed 11520K, reserved 851968K
}
Event: 94.505 GC heap after
{Heap after GC invocations=27 (full 0):
 garbage-first heap   total 116736K, used 72334K [0x0000000740000000, 0x0000000800000000)
  region size 2048K, 3 young (6144K), 3 survivors (6144K)
 Metaspace       used 70880K, committed 72960K, reserved 917504K
  class space    used 10463K, committed 11520K, reserved 851968K
}
Event: 101.947 GC heap before
{Heap before GC invocations=27 (full 0):
 garbage-first heap   total 116736K, used 103054K [0x0000000740000000, 0x0000000800000000)
  region size 2048K, 19 young (38912K), 3 survivors (6144K)
 Metaspace       used 72014K, committed 74112K, reserved 917504K
  class space    used 10602K, committed 11648K, reserved 851968K
}
Event: 101.959 GC heap after
{Heap after GC invocations=28 (full 0):
 garbage-first heap   total 116736K, used 75899K [0x0000000740000000, 0x0000000800000000)
  region size 2048K, 2 young (4096K), 2 survivors (4096K)
 Metaspace       used 72014K, committed 74112K, reserved 917504K
  class space    used 10602K, committed 11648K, reserved 851968K
}
Event: 105.172 GC heap before
{Heap before GC invocations=29 (full 0):
 garbage-first heap   total 131072K, used 104571K [0x0000000740000000, 0x0000000800000000)
  region size 2048K, 16 young (32768K), 2 survivors (4096K)
 Metaspace       used 72255K, committed 74304K, reserved 917504K
  class space    used 10612K, committed 11648K, reserved 851968K
}
Event: 105.182 GC heap after
{Heap after GC invocations=30 (full 0):
 garbage-first heap   total 131072K, used 80058K [0x0000000740000000, 0x0000000800000000)
  region size 2048K, 2 young (4096K), 2 survivors (4096K)
 Metaspace       used 72255K, committed 74304K, reserved 917504K
  class space    used 10612K, committed 11648K, reserved 851968K
}
Event: 133.803 GC heap before
{Heap before GC invocations=30 (full 0):
 garbage-first heap   total 131072K, used 114874K [0x0000000740000000, 0x0000000800000000)
  region size 2048K, 19 young (38912K), 2 survivors (4096K)
 Metaspace       used 72377K, committed 74432K, reserved 917504K
  class space    used 10614K, committed 11648K, reserved 851968K
}
Event: 133.831 GC heap after
{Heap after GC invocations=31 (full 0):
 garbage-first heap   total 131072K, used 78964K [0x0000000740000000, 0x0000000800000000)
  region size 2048K, 2 young (4096K), 2 survivors (4096K)
 Metaspace       used 72377K, committed 74432K, reserved 917504K
  class space    used 10614K, committed 11648K, reserved 851968K
}
Event: 139.784 GC heap before
{Heap before GC invocations=31 (full 0):
 garbage-first heap   total 131072K, used 115828K [0x0000000740000000, 0x0000000800000000)
  region size 2048K, 20 young (40960K), 2 survivors (4096K)
 Metaspace       used 72388K, committed 74496K, reserved 917504K
  class space    used 10614K, committed 11648K, reserved 851968K
}
Event: 139.798 GC heap after
{Heap after GC invocations=32 (full 0):
 garbage-first heap   total 131072K, used 80492K [0x0000000740000000, 0x0000000800000000)
  region size 2048K, 2 young (4096K), 2 survivors (4096K)
 Metaspace       used 72388K, committed 74496K, reserved 917504K
  class space    used 10614K, committed 11648K, reserved 851968K
}
Event: 145.598 GC heap before
{Heap before GC invocations=33 (full 0):
 garbage-first heap   total 137216K, used 115308K [0x0000000740000000, 0x0000000800000000)
  region size 2048K, 19 young (38912K), 2 survivors (4096K)
 Metaspace       used 72394K, committed 74496K, reserved 917504K
  class space    used 10614K, committed 11648K, reserved 851968K
}
Event: 145.605 GC heap after
{Heap after GC invocations=34 (full 0):
 garbage-first heap   total 137216K, used 81395K [0x0000000740000000, 0x0000000800000000)
  region size 2048K, 2 young (4096K), 2 survivors (4096K)
 Metaspace       used 72394K, committed 74496K, reserved 917504K
  class space    used 10614K, committed 11648K, reserved 851968K
}
Event: 155.652 GC heap before
{Heap before GC invocations=34 (full 0):
 garbage-first heap   total 137216K, used 120307K [0x0000000740000000, 0x0000000800000000)
  region size 2048K, 22 young (45056K), 2 survivors (4096K)
 Metaspace       used 72399K, committed 74496K, reserved 917504K
  class space    used 10614K, committed 11648K, reserved 851968K
}
Event: 155.712 GC heap after
{Heap after GC invocations=35 (full 0):
 garbage-first heap   total 137216K, used 81351K [0x0000000740000000, 0x0000000800000000)
  region size 2048K, 3 young (6144K), 3 survivors (6144K)
 Metaspace       used 72399K, committed 74496K, reserved 917504K
  class space    used 10614K, committed 11648K, reserved 851968K
}

