# JRE version: OpenJDK Runtime Environment Temurin-21.0.11+10 (21.0.11+10) (build 21.0.11+10-LTS)
# Java VM: OpenJDK 64-Bit Server VM Temurin-21.0.11+10 (21.0.11+10-LTS, mixed mode, sharing, tiered, compressed oops, compressed class ptrs, g1 gc, windows-amd64)
GC Precious Log:
 CardTable entry size: 512
 Card Set container configuration: InlinePtr #cards 5 size 8 Array Of Cards #cards 12 size 40 Howl #buckets 4 coarsen threshold 1843 Howl Bitmap #cards 512 size 80 coarsen threshold 460 Card regions per heap region 1 cards per card region 2048
 CPUs: 4 total, 4 available
 Memory: 7930M
 Large Page Support: Disabled
 NUMA Support: Disabled
 Compressed Oops: Enabled (32-bit)
 Heap Region Size: 1M
 Heap Min Capacity: 8M
 Heap Initial Capacity: 124M
 Heap Max Capacity: 2G
 Pre-touch: Disabled
 Parallel Workers: 4
 Concurrent Workers: 1
 Concurrent Refinement Workers: 4
 Periodic GC: Disabled
Heap:
 garbage-first heap   total 199680K, used 147277K [0x0000000080000000, 0x0000000100000000)
  region size 1024K, 13 young (13312K), 6 survivors (6144K)
 Metaspace       used 109166K, committed 111424K, reserved 557056K
  class space    used 15542K, committed 16640K, reserved 425984K
GC Heap History (20 events):
Event: 110.420 GC heap before
{Heap before GC invocations=39 (full 0):
 garbage-first heap   total 140288K, used 124715K [0x0000000080000000, 0x0000000100000000)
  region size 1024K, 28 young (28672K), 2 survivors (2048K)
 Metaspace       used 80718K, committed 82944K, reserved 557056K
  class space    used 11508K, committed 12608K, reserved 425984K
}
Event: 110.430 GC heap after
{Heap after GC invocations=40 (full 0):
 garbage-first heap   total 140288K, used 101311K [0x0000000080000000, 0x0000000100000000)
  region size 1024K, 4 young (4096K), 4 survivors (4096K)
 Metaspace       used 80718K, committed 82944K, reserved 557056K
  class space    used 11508K, committed 12608K, reserved 425984K
}
Event: 112.567 GC heap before
{Heap before GC invocations=41 (full 0):
 garbage-first heap   total 178176K, used 133055K [0x0000000080000000, 0x0000000100000000)
  region size 1024K, 31 young (31744K), 4 survivors (4096K)
 Metaspace       used 81963K, committed 84160K, reserved 557056K
  class space    used 11686K, committed 12800K, reserved 425984K
}
Event: 112.583 GC heap after
{Heap after GC invocations=42 (full 0):
 garbage-first heap   total 178176K, used 105303K [0x0000000080000000, 0x0000000100000000)
  region size 1024K, 4 young (4096K), 4 survivors (4096K)
 Metaspace       used 81963K, committed 84160K, reserved 557056K
  class space    used 11686K, committed 12800K, reserved 425984K
}
Event: 116.489 GC heap before
{Heap before GC invocations=42 (full 0):
 garbage-first heap   total 178176K, used 148311K [0x0000000080000000, 0x0000000100000000)
  region size 1024K, 47 young (48128K), 4 survivors (4096K)
 Metaspace       used 85205K, committed 87360K, reserved 557056K
  class space    used 12110K, committed 13184K, reserved 425984K
}
Event: 116.497 GC heap after
{Heap after GC invocations=43 (full 0):
 garbage-first heap   total 178176K, used 105095K [0x0000000080000000, 0x0000000100000000)
  region size 1024K, 3 young (3072K), 3 survivors (3072K)
 Metaspace       used 85205K, committed 87360K, reserved 557056K
  class space    used 12110K, committed 13184K, reserved 425984K
}
Event: 117.505 GC heap before
{Heap before GC invocations=43 (full 0):
 garbage-first heap   total 178176K, used 151175K [0x0000000080000000, 0x0000000100000000)
  region size 1024K, 48 young (49152K), 3 survivors (3072K)
 Metaspace       used 88955K, committed 91200K, reserved 557056K
  class space    used 12606K, committed 13696K, reserved 425984K
}
Event: 117.512 GC heap after
{Heap after GC invocations=44 (full 0):
 garbage-first heap   total 178176K, used 106798K [0x0000000080000000, 0x0000000100000000)
  region size 1024K, 4 young (4096K), 4 survivors (4096K)
 Metaspace       used 88955K, committed 91200K, reserved 557056K
  class space    used 12606K, committed 13696K, reserved 425984K
}
Event: 121.373 GC heap before
{Heap before GC invocations=45 (full 0):
 garbage-first heap   total 179200K, used 154926K [0x0000000080000000, 0x0000000100000000)
  region size 1024K, 51 young (52224K), 4 survivors (4096K)
 Metaspace       used 90479K, committed 92800K, reserved 557056K
  class space    used 12817K, committed 13952K, reserved 425984K
}
Event: 121.399 GC heap after
{Heap after GC invocations=46 (full 0):
 garbage-first heap   total 179200K, used 112383K [0x0000000080000000, 0x0000000100000000)
  region size 1024K, 7 young (7168K), 7 survivors (7168K)
 Metaspace       used 90479K, committed 92800K, reserved 557056K
  class space    used 12817K, committed 13952K, reserved 425984K
}
Event: 126.023 GC heap before
{Heap before GC invocations=46 (full 0):
 garbage-first heap   total 179200K, used 158463K [0x0000000080000000, 0x0000000100000000)
  region size 1024K, 52 young (53248K), 7 survivors (7168K)
 Metaspace       used 94747K, committed 97024K, reserved 557056K
  class space    used 13367K, committed 14464K, reserved 425984K
}
Event: 126.036 GC heap after
{Heap after GC invocations=47 (full 0):
 garbage-first heap   total 179200K, used 113452K [0x0000000080000000, 0x0000000100000000)
  region size 1024K, 4 young (4096K), 4 survivors (4096K)
 Metaspace       used 94747K, committed 97024K, reserved 557056K
  class space    used 13367K, committed 14464K, reserved 425984K
}
Event: 127.219 GC heap before
{Heap before GC invocations=47 (full 0):
 garbage-first heap   total 179200K, used 160556K [0x0000000080000000, 0x0000000100000000)
  region size 1024K, 50 young (51200K), 4 survivors (4096K)
 Metaspace       used 101194K, committed 103488K, reserved 557056K
  class space    used 14132K, committed 15232K, reserved 425984K
}
Event: 127.226 GC heap after
{Heap after GC invocations=48 (full 0):
 garbage-first heap   total 179200K, used 114629K [0x0000000080000000, 0x0000000100000000)
  region size 1024K, 5 young (5120K), 5 survivors (5120K)
 Metaspace       used 101194K, committed 103488K, reserved 557056K
  class space    used 14132K, committed 15232K, reserved 425984K
}
Event: 128.670 GC heap before
{Heap before GC invocations=49 (full 0):
 garbage-first heap   total 191488K, used 169925K [0x0000000080000000, 0x0000000100000000)
  region size 1024K, 52 young (53248K), 5 survivors (5120K)
 Metaspace       used 105140K, committed 107520K, reserved 557056K
  class space    used 15082K, committed 16192K, reserved 425984K
}
Event: 128.703 GC heap after
{Heap after GC invocations=50 (full 0):
 garbage-first heap   total 191488K, used 128764K [0x0000000080000000, 0x0000000100000000)
  region size 1024K, 7 young (7168K), 7 survivors (7168K)
 Metaspace       used 105140K, committed 107520K, reserved 557056K
  class space    used 15082K, committed 16192K, reserved 425984K
}
Event: 129.323 GC heap before
{Heap before GC invocations=50 (full 0):
 garbage-first heap   total 191488K, used 173820K [0x0000000080000000, 0x0000000100000000)
  region size 1024K, 51 young (52224K), 7 survivors (7168K)
 Metaspace       used 105282K, committed 107648K, reserved 557056K
  class space    used 15087K, committed 16192K, reserved 425984K
}
Event: 129.360 GC heap after
{Heap after GC invocations=51 (full 0):
 garbage-first heap   total 199680K, used 136053K [0x0000000080000000, 0x0000000100000000)
  region size 1024K, 7 young (7168K), 7 survivors (7168K)
 Metaspace       used 105282K, committed 107648K, reserved 557056K
  class space    used 15087K, committed 16192K, reserved 425984K
}
Event: 130.001 GC heap before
{Heap before GC invocations=51 (full 0):
 garbage-first heap   total 199680K, used 175989K [0x0000000080000000, 0x0000000100000000)
  region size 1024K, 46 young (47104K), 7 survivors (7168K)
 Metaspace       used 108481K, committed 110784K, reserved 557056K
  class space    used 15472K, committed 16576K, reserved 425984K
}
Event: 130.014 GC heap after
{Heap after GC invocations=52 (full 0):
 garbage-first heap   total 199680K, used 142157K [0x0000000080000000, 0x0000000100000000)
  region size 1024K, 6 young (6144K), 6 survivors (6144K)
 Metaspace       used 108481K, committed 110784K, reserved 557056K
  class space    used 15472K, committed 16576K, reserved 425984K
}

